<?xml version="1.0" encoding="UTF-8"?>
<testng-results ignored="0" total="1" passed="1" failed="0" skipped="0">
  <reporter-output>
  </reporter-output>
  <suite started-at="2024-02-06T14:45:36 IST" name="Default suite" finished-at="2024-02-06T14:45:40 IST" duration-ms="3433">
    <groups>
    </groups>
    <test started-at="2024-02-06T14:45:36 IST" name="Default test" finished-at="2024-02-06T14:45:40 IST" duration-ms="3433">
      <class name="Pushpendra.PutrRequest">
        <test-method signature="Test12()[pri:0, instance:Pushpendra.PutrRequest@10d307f1]" started-at="2024-02-06T14:45:36 IST" name="Test12" finished-at="2024-02-06T14:45:40 IST" duration-ms="3369" status="PASS">
          <reporter-output>
          </reporter-output>
        </test-method> <!-- Test12 -->
      </class> <!-- Pushpendra.PutrRequest -->
    </test> <!-- Default test -->
  </suite> <!-- Default suite -->
</testng-results>
